<?xml version="1.0" encoding="UTF-8"?>
<!-- Generated by org.testng.reporters.JUnitReportReporter -->
<testsuite skipped="0" hostname="Amar" name="automation.ArchanaFramework.RahulFlightReservation" tests="1" failures="0" timestamp="2020-08-02T21:37:02 IST" time="30.616" errors="0">
  <testcase name="dynamicDropDown" time="30.616" classname="automation.ArchanaFramework.RahulFlightReservation"/>
  <system-out/>
</testsuite> <!-- automation.ArchanaFramework.RahulFlightReservation -->
