<?xml version="1.0" encoding="UTF-8"?>
<!-- Generated by org.testng.reporters.JUnitReportReporter -->
<testsuite skipped="0" hostname="Amar" name="automation.ArchanaFramework.RegisterUser" tests="2" failures="0" timestamp="2020-07-28T23:27:30 IST" time="4.705" errors="0">
  <testcase name="VerifyName" time="0.066" classname="automation.ArchanaFramework.RegisterUser"/>
  <system-out/>
  <testcase name="LoginPage" time="4.639" classname="automation.ArchanaFramework.RegisterUser"/>
  <system-out/>
</testsuite> <!-- automation.ArchanaFramework.RegisterUser -->
