<?xml version="1.0" encoding="UTF-8"?>
<!-- Generated by org.testng.reporters.JUnitReportReporter -->
<testsuite skipped="0" hostname="Amar" name="automation.RahulFlightReservation" tests="1" failures="0" timestamp="2020-08-03T23:24:28 IST" time="20.125" errors="0">
  <testcase name="dynamicDropDown" time="20.125" classname="automation.RahulFlightReservation"/>
  <system-out/>
</testsuite> <!-- automation.RahulFlightReservation -->
