<?xml version="1.0" encoding="UTF-8"?>
<!-- Generated by org.testng.reporters.JUnitReportReporter -->
<testsuite hostname="Amar" name="automation.Flipkart" tests="1" failures="0" timestamp="19 Apr 2023 05:04:45 GMT" time="1.163" errors="0">
  <testcase name="TC01" time="1.163" classname="automation.Flipkart"/>
</testsuite> <!-- automation.Flipkart -->
